Base path: /Applications/Unity/Unity.app/Contents
Pipe name: \\.\pipe\UnityShaderCompiler-64bit-1-1949921280
Cmd: getPlatforms
Cmd: compileSnippet
  api=0 type=0 insize=962 outsize=769 kw= ok=1
Cmd: compileSnippet
  api=0 type=1 insize=962 outsize=6 kw= ok=1
Cmd: compileSnippet
  error: 2 plat 0 at (129): 'unity_WorldTransformParams' : undeclared identifier; 'w' : vector field selection out of range\nCompiling Vertex program with DIRECTIONAL SHADOWS_OFF LIGHTMAP_OFF DIRLIGHTMAP_OFF DYNAMICLIGHTMAP_OFF
  error: 2 plat 0 at (152): 'ShadeSHPerVertex' : no matching overloaded function found\nCompiling Vertex program with DIRECTIONAL SHADOWS_OFF LIGHTMAP_OFF DIRLIGHTMAP_OFF DYNAMICLIGHTMAP_OFF
  api=0 type=0 insize=7844 outsize=0 kw=DIRECTIONAL SHADOWS_OFF LIGHTMAP_OFF DIRLIGHTMAP_OFF DYNAMICLIGHTMAP_OFF ok=0
Cmd: compileSnippet
  error: 2 plat 0 at (129): 'unity_WorldTransformParams' : undeclared identifier; 'w' : vector field selection out of range\nCompiling Vertex program with DIRECTIONAL SHADOWS_SCREEN LIGHTMAP_OFF DIRLIGHTMAP_OFF DYNAMICLIGHTMAP_OFF VERTEXLIGHT_ON
  error: 2 plat 0 at (152): 'ShadeSHPerVertex' : no matching overloaded function found\nCompiling Vertex program with DIRECTIONAL SHADOWS_SCREEN LIGHTMAP_OFF DIRLIGHTMAP_OFF DYNAMICLIGHTMAP_OFF VERTEXLIGHT_ON
  api=0 type=0 insize=7844 outsize=0 kw=DIRECTIONAL SHADOWS_SCREEN LIGHTMAP_OFF DIRLIGHTMAP_OFF DYNAMICLIGHTMAP_OFF VERTEXLIGHT_ON ok=0
Cmd: compileSnippet
  api=0 type=1 insize=7844 outsize=6 kw=DIRECTIONAL SHADOWS_OFF LIGHTMAP_OFF DIRLIGHTMAP_OFF DYNAMICLIGHTMAP_OFF ok=1
Cmd: compileSnippet
  error: 2 plat 0 at (108): 'unity_WorldTransformParams' : undeclared identifier; 'w' : vector field selection out of range\nCompiling Vertex program with POINT
  api=0 type=0 insize=5442 outsize=0 kw=POINT ok=0
Cmd: compileSnippet
  error: 2 plat 0 at (108): 'unity_WorldTransformParams' : undeclared identifier; 'w' : vector field selection out of range\nCompiling Vertex program with SPOT
  api=0 type=0 insize=5442 outsize=0 kw=SPOT ok=0
Cmd: compileSnippet
  error: 2 plat 0 at (108): 'unity_WorldTransformParams' : undeclared identifier; 'w' : vector field selection out of range\nCompiling Vertex program with DIRECTIONAL_COOKIE
  api=0 type=0 insize=5442 outsize=0 kw=DIRECTIONAL_COOKIE ok=0
Cmd: compileSnippet
  api=0 type=1 insize=5442 outsize=6 kw=POINT ok=1
Cmd: compileSnippet
  api=0 type=1 insize=5442 outsize=6 kw=SPOT ok=1
Cmd: compileSnippet
  api=0 type=1 insize=5442 outsize=6 kw=DIRECTIONAL_COOKIE ok=1
Cmd: compileSnippet
  error: 2 plat 0 at (103): 'unity_WorldTransformParams' : undeclared identifier; 'w' : vector field selection out of range\nCompiling Vertex program
  api=0 type=0 insize=4696 outsize=0 kw= ok=0
Cmd: compileSnippet
  api=0 type=1 insize=4696 outsize=6 kw= ok=1
Cmd: compileSnippet
  api=0 type=0 insize=7015 outsize=2641 kw=LIGHTMAP_OFF DIRLIGHTMAP_OFF DYNAMICLIGHTMAP_OFF HDR_LIGHT_PREPASS_OFF ok=1
Cmd: compileSnippet
  api=0 type=1 insize=7015 outsize=6 kw=LIGHTMAP_OFF DIRLIGHTMAP_OFF DYNAMICLIGHTMAP_OFF HDR_LIGHT_PREPASS_OFF ok=1
Cmd: compileSnippet
  error: 2 plat 0 at (115): 'unity_WorldTransformParams' : undeclared identifier; 'w' : vector field selection out of range\nCompiling Vertex program with LIGHTMAP_OFF DIRLIGHTMAP_OFF DYNAMICLIGHTMAP_OFF HDR_LIGHT_PREPASS_OFF
  error: 2 plat 0 at (135): 'ShadeSHPerVertex' : no matching overloaded function found\nCompiling Vertex program with LIGHTMAP_OFF DIRLIGHTMAP_OFF DYNAMICLIGHTMAP_OFF HDR_LIGHT_PREPASS_OFF
  api=0 type=0 insize=7463 outsize=0 kw=LIGHTMAP_OFF DIRLIGHTMAP_OFF DYNAMICLIGHTMAP_OFF HDR_LIGHT_PREPASS_OFF ok=0
Cmd: compileSnippet
  api=0 type=1 insize=7463 outsize=6 kw=LIGHTMAP_OFF DIRLIGHTMAP_OFF DYNAMICLIGHTMAP_OFF HDR_LIGHT_PREPASS_OFF ok=1
Cmd: compileSnippet
  error: 2 plat 0 at (171): 'unity_WorldTransformParams' : undeclared identifier; 'w' : vector field selection out of range\nCompiling Vertex program with DIRECTIONAL SHADOWS_OFF LIGHTMAP_OFF DIRLIGHTMAP_OFF DYNAMICLIGHTMAP_OFF
  error: 2 plat 0 at (194): 'ShadeSHPerVertex' : no matching overloaded function found\nCompiling Vertex program with DIRECTIONAL SHADOWS_OFF LIGHTMAP_OFF DIRLIGHTMAP_OFF DYNAMICLIGHTMAP_OFF
  api=0 type=0 insize=7846 outsize=0 kw=DIRECTIONAL SHADOWS_OFF LIGHTMAP_OFF DIRLIGHTMAP_OFF DYNAMICLIGHTMAP_OFF ok=0
Cmd: compileSnippet
  error: 2 plat 0 at (171): 'unity_WorldTransformParams' : undeclared identifier; 'w' : vector field selection out of range\nCompiling Vertex program with DIRECTIONAL SHADOWS_SCREEN LIGHTMAP_OFF DIRLIGHTMAP_OFF DYNAMICLIGHTMAP_OFF VERTEXLIGHT_ON
  error: 2 plat 0 at (194): 'ShadeSHPerVertex' : no matching overloaded function found\nCompiling Vertex program with DIRECTIONAL SHADOWS_SCREEN LIGHTMAP_OFF DIRLIGHTMAP_OFF DYNAMICLIGHTMAP_OFF VERTEXLIGHT_ON
  api=0 type=0 insize=7846 outsize=0 kw=DIRECTIONAL SHADOWS_SCREEN LIGHTMAP_OFF DIRLIGHTMAP_OFF DYNAMICLIGHTMAP_OFF VERTEXLIGHT_ON ok=0
Cmd: compileSnippet
  api=0 type=1 insize=7846 outsize=6 kw=DIRECTIONAL SHADOWS_OFF LIGHTMAP_OFF DIRLIGHTMAP_OFF DYNAMICLIGHTMAP_OFF ok=1
Cmd: compileSnippet
  error: 2 plat 0 at (150): 'unity_WorldTransformParams' : undeclared identifier; 'w' : vector field selection out of range\nCompiling Vertex program with POINT
  api=0 type=0 insize=5443 outsize=0 kw=POINT ok=0
Cmd: compileSnippet
  error: 2 plat 0 at (150): 'unity_WorldTransformParams' : undeclared identifier; 'w' : vector field selection out of range\nCompiling Vertex program with SPOT
  api=0 type=0 insize=5443 outsize=0 kw=SPOT ok=0
Cmd: compileSnippet
  api=0 type=1 insize=5443 outsize=6 kw=POINT ok=1
Cmd: compileSnippet
  api=0 type=1 insize=5443 outsize=6 kw=SPOT ok=1
Cmd: compileSnippet
  api=0 type=1 insize=5443 outsize=6 kw=DIRECTIONAL_COOKIE ok=1
Cmd: compileSnippet
  error: 2 plat 0 at (145): 'unity_WorldTransformParams' : undeclared identifier; 'w' : vector field selection out of range\nCompiling Vertex program
  api=0 type=0 insize=4697 outsize=0 kw= ok=0
Cmd: compileSnippet
  api=0 type=1 insize=4697 outsize=6 kw= ok=1
Cmd: compileSnippet
  api=0 type=0 insize=7016 outsize=2641 kw=LIGHTMAP_OFF DIRLIGHTMAP_OFF DYNAMICLIGHTMAP_OFF HDR_LIGHT_PREPASS_OFF ok=1
Cmd: compileSnippet
  api=0 type=1 insize=7016 outsize=6 kw=LIGHTMAP_OFF DIRLIGHTMAP_OFF DYNAMICLIGHTMAP_OFF HDR_LIGHT_PREPASS_OFF ok=1
Cmd: compileSnippet
  error: 2 plat 0 at (157): 'unity_WorldTransformParams' : undeclared identifier; 'w' : vector field selection out of range\nCompiling Vertex program with LIGHTMAP_OFF DIRLIGHTMAP_OFF DYNAMICLIGHTMAP_OFF HDR_LIGHT_PREPASS_OFF
  error: 2 plat 0 at (177): 'ShadeSHPerVertex' : no matching overloaded function found\nCompiling Vertex program with LIGHTMAP_OFF DIRLIGHTMAP_OFF DYNAMICLIGHTMAP_OFF HDR_LIGHT_PREPASS_OFF
  api=0 type=0 insize=7464 outsize=0 kw=LIGHTMAP_OFF DIRLIGHTMAP_OFF DYNAMICLIGHTMAP_OFF HDR_LIGHT_PREPASS_OFF ok=0
Cmd: compileSnippet
  api=0 type=1 insize=7464 outsize=6 kw=LIGHTMAP_OFF DIRLIGHTMAP_OFF DYNAMICLIGHTMAP_OFF HDR_LIGHT_PREPASS_OFF ok=1
Cmd: compileSnippet
  api=0 type=0 insize=1538 outsize=507 kw= ok=1
Cmd: compileSnippet
  api=0 type=1 insize=1538 outsize=6 kw= ok=1
Cmd: compileSnippet
  api=0 type=0 insize=960 outsize=769 kw= ok=1
Cmd: compileSnippet
  api=0 type=1 insize=960 outsize=6 kw= ok=1
Cmd: compileSnippet
  api=0 type=0 insize=961 outsize=769 kw= ok=1
Cmd: compileSnippet
  api=0 type=1 insize=961 outsize=6 kw= ok=1
Cmd: compileSnippet
  api=0 type=0 insize=3675 outsize=520 kw= ok=1
Cmd: compileSnippet
  api=0 type=0 insize=3675 outsize=520 kw=SPOT ok=1
Cmd: compileSnippet
  api=0 type=1 insize=3675 outsize=6 kw= ok=1
Cmd: compileSnippet
  api=0 type=1 insize=3675 outsize=6 kw=SPOT ok=1
Cmd: compileSnippet
  error: 2 plat 0 at (129): 'unity_WorldTransformParams' : undeclared identifier; 'w' : vector field selection out of range\nCompiling Vertex program with DIRECTIONAL SHADOWS_OFF LIGHTMAP_OFF DIRLIGHTMAP_OFF DYNAMICLIGHTMAP_OFF
  error: 2 plat 0 at (152): 'ShadeSHPerVertex' : no matching overloaded function found\nCompiling Vertex program with DIRECTIONAL SHADOWS_OFF LIGHTMAP_OFF DIRLIGHTMAP_OFF DYNAMICLIGHTMAP_OFF
  api=0 type=0 insize=7844 outsize=0 kw=DIRECTIONAL SHADOWS_OFF LIGHTMAP_OFF DIRLIGHTMAP_OFF DYNAMICLIGHTMAP_OFF ok=0
Cmd: compileSnippet
  error: 2 plat 0 at (129): 'unity_WorldTransformParams' : undeclared identifier; 'w' : vector field selection out of range\nCompiling Vertex program with DIRECTIONAL SHADOWS_SCREEN LIGHTMAP_OFF DIRLIGHTMAP_OFF DYNAMICLIGHTMAP_OFF VERTEXLIGHT_ON
  error: 2 plat 0 at (152): 'ShadeSHPerVertex' : no matching overloaded function found\nCompiling Vertex program with DIRECTIONAL SHADOWS_SCREEN LIGHTMAP_OFF DIRLIGHTMAP_OFF DYNAMICLIGHTMAP_OFF VERTEXLIGHT_ON
  api=0 type=0 insize=7844 outsize=0 kw=DIRECTIONAL SHADOWS_SCREEN LIGHTMAP_OFF DIRLIGHTMAP_OFF DYNAMICLIGHTMAP_OFF VERTEXLIGHT_ON ok=0
Cmd: compileSnippet
  error: 2 plat 0 at (108): 'unity_WorldTransformParams' : undeclared identifier; 'w' : vector field selection out of range\nCompiling Vertex program with POINT
  api=0 type=0 insize=5442 outsize=0 kw=POINT ok=0
Cmd: compileSnippet
  error: 2 plat 0 at (108): 'unity_WorldTransformParams' : undeclared identifier; 'w' : vector field selection out of range\nCompiling Vertex program with POINT_COOKIE
  api=0 type=0 insize=5442 outsize=0 kw=POINT_COOKIE ok=0
Cmd: compileSnippet
  error: 2 plat 0 at (103): 'unity_WorldTransformParams' : undeclared identifier; 'w' : vector field selection out of range\nCompiling Vertex program
  api=0 type=0 insize=4696 outsize=0 kw= ok=0
Cmd: compileSnippet
  error: 2 plat 0 at (115): 'unity_WorldTransformParams' : undeclared identifier; 'w' : vector field selection out of range\nCompiling Vertex program with LIGHTMAP_OFF DIRLIGHTMAP_OFF DYNAMICLIGHTMAP_OFF HDR_LIGHT_PREPASS_OFF
  error: 2 plat 0 at (135): 'ShadeSHPerVertex' : no matching overloaded function found\nCompiling Vertex program with LIGHTMAP_OFF DIRLIGHTMAP_OFF DYNAMICLIGHTMAP_OFF HDR_LIGHT_PREPASS_OFF
  api=0 type=0 insize=7463 outsize=0 kw=LIGHTMAP_OFF DIRLIGHTMAP_OFF DYNAMICLIGHTMAP_OFF HDR_LIGHT_PREPASS_OFF ok=0
Cmd: compileSnippet
  error: 2 plat 0 at (171): 'unity_WorldTransformParams' : undeclared identifier; 'w' : vector field selection out of range\nCompiling Vertex program with DIRECTIONAL SHADOWS_OFF LIGHTMAP_OFF DIRLIGHTMAP_OFF DYNAMICLIGHTMAP_OFF
  error: 2 plat 0 at (194): 'ShadeSHPerVertex' : no matching overloaded function found\nCompiling Vertex program with DIRECTIONAL SHADOWS_OFF LIGHTMAP_OFF DIRLIGHTMAP_OFF DYNAMICLIGHTMAP_OFF
  api=0 type=0 insize=7846 outsize=0 kw=DIRECTIONAL SHADOWS_OFF LIGHTMAP_OFF DIRLIGHTMAP_OFF DYNAMICLIGHTMAP_OFF ok=0
Cmd: compileSnippet
  error: 2 plat 0 at (171): 'unity_WorldTransformParams' : undeclared identifier; 'w' : vector field selection out of range\nCompiling Vertex program with DIRECTIONAL SHADOWS_SCREEN LIGHTMAP_OFF DIRLIGHTMAP_OFF DYNAMICLIGHTMAP_OFF VERTEXLIGHT_ON
  error: 2 plat 0 at (194): 'ShadeSHPerVertex' : no matching overloaded function found\nCompiling Vertex program with DIRECTIONAL SHADOWS_SCREEN LIGHTMAP_OFF DIRLIGHTMAP_OFF DYNAMICLIGHTMAP_OFF VERTEXLIGHT_ON
  api=0 type=0 insize=7846 outsize=0 kw=DIRECTIONAL SHADOWS_SCREEN LIGHTMAP_OFF DIRLIGHTMAP_OFF DYNAMICLIGHTMAP_OFF VERTEXLIGHT_ON ok=0
Cmd: compileSnippet
  error: 2 plat 0 at (150): 'unity_WorldTransformParams' : undeclared identifier; 'w' : vector field selection out of range\nCompiling Vertex program with POINT
  api=0 type=0 insize=5443 outsize=0 kw=POINT ok=0
Cmd: compileSnippet
  error: 2 plat 0 at (150): 'unity_WorldTransformParams' : undeclared identifier; 'w' : vector field selection out of range\nCompiling Vertex program with POINT_COOKIE
  api=0 type=0 insize=5443 outsize=0 kw=POINT_COOKIE ok=0
Cmd: compileSnippet
  error: 2 plat 0 at (145): 'unity_WorldTransformParams' : undeclared identifier; 'w' : vector field selection out of range\nCompiling Vertex program
  api=0 type=0 insize=4697 outsize=0 kw= ok=0
Cmd: compileSnippet
  error: 2 plat 0 at (157): 'unity_WorldTransformParams' : undeclared identifier; 'w' : vector field selection out of range\nCompiling Vertex program with LIGHTMAP_OFF DIRLIGHTMAP_OFF DYNAMICLIGHTMAP_OFF HDR_LIGHT_PREPASS_OFF
  error: 2 plat 0 at (177): 'ShadeSHPerVertex' : no matching overloaded function found\nCompiling Vertex program with LIGHTMAP_OFF DIRLIGHTMAP_OFF DYNAMICLIGHTMAP_OFF HDR_LIGHT_PREPASS_OFF
  api=0 type=0 insize=7464 outsize=0 kw=LIGHTMAP_OFF DIRLIGHTMAP_OFF DYNAMICLIGHTMAP_OFF HDR_LIGHT_PREPASS_OFF ok=0
Cmd: compileSnippet
  error: 2 plat 0 at (129): 'unity_WorldTransformParams' : undeclared identifier; 'w' : vector field selection out of range\nCompiling Vertex program with DIRECTIONAL SHADOWS_OFF LIGHTMAP_OFF DIRLIGHTMAP_OFF DYNAMICLIGHTMAP_OFF
  error: 2 plat 0 at (152): 'ShadeSHPerVertex' : no matching overloaded function found\nCompiling Vertex program with DIRECTIONAL SHADOWS_OFF LIGHTMAP_OFF DIRLIGHTMAP_OFF DYNAMICLIGHTMAP_OFF
  api=0 type=0 insize=7844 outsize=0 kw=DIRECTIONAL SHADOWS_OFF LIGHTMAP_OFF DIRLIGHTMAP_OFF DYNAMICLIGHTMAP_OFF ok=0
Cmd: compileSnippet
  error: 2 plat 0 at (129): 'unity_WorldTransformParams' : undeclared identifier; 'w' : vector field selection out of range\nCompiling Vertex program with DIRECTIONAL SHADOWS_SCREEN LIGHTMAP_OFF DIRLIGHTMAP_OFF DYNAMICLIGHTMAP_OFF VERTEXLIGHT_ON
  error: 2 plat 0 at (152): 'ShadeSHPerVertex' : no matching overloaded function found\nCompiling Vertex program with DIRECTIONAL SHADOWS_SCREEN LIGHTMAP_OFF DIRLIGHTMAP_OFF DYNAMICLIGHTMAP_OFF VERTEXLIGHT_ON
  api=0 type=0 insize=7844 outsize=0 kw=DIRECTIONAL SHADOWS_SCREEN LIGHTMAP_OFF DIRLIGHTMAP_OFF DYNAMICLIGHTMAP_OFF VERTEXLIGHT_ON ok=0
Cmd: compileSnippet
  error: 2 plat 0 at (108): 'unity_WorldTransformParams' : undeclared identifier; 'w' : vector field selection out of range\nCompiling Vertex program with POINT
  api=0 type=0 insize=5442 outsize=0 kw=POINT ok=0
Cmd: compileSnippet
  error: 2 plat 0 at (108): 'unity_WorldTransformParams' : undeclared identifier; 'w' : vector field selection out of range\nCompiling Vertex program with POINT_COOKIE
  api=0 type=0 insize=5442 outsize=0 kw=POINT_COOKIE ok=0
Cmd: compileSnippet
  error: 2 plat 0 at (103): 'unity_WorldTransformParams' : undeclared identifier; 'w' : vector field selection out of range\nCompiling Vertex program
  api=0 type=0 insize=4696 outsize=0 kw= ok=0
Cmd: compileSnippet
  error: 2 plat 0 at (115): 'unity_WorldTransformParams' : undeclared identifier; 'w' : vector field selection out of range\nCompiling Vertex program with LIGHTMAP_OFF DIRLIGHTMAP_OFF DYNAMICLIGHTMAP_OFF HDR_LIGHT_PREPASS_OFF
  error: 2 plat 0 at (135): 'ShadeSHPerVertex' : no matching overloaded function found\nCompiling Vertex program with LIGHTMAP_OFF DIRLIGHTMAP_OFF DYNAMICLIGHTMAP_OFF HDR_LIGHT_PREPASS_OFF
  api=0 type=0 insize=7463 outsize=0 kw=LIGHTMAP_OFF DIRLIGHTMAP_OFF DYNAMICLIGHTMAP_OFF HDR_LIGHT_PREPASS_OFF ok=0
Cmd: compileSnippet
  error: 2 plat 0 at (171): 'unity_WorldTransformParams' : undeclared identifier; 'w' : vector field selection out of range\nCompiling Vertex program with DIRECTIONAL SHADOWS_OFF LIGHTMAP_OFF DIRLIGHTMAP_OFF DYNAMICLIGHTMAP_OFF
  error: 2 plat 0 at (194): 'ShadeSHPerVertex' : no matching overloaded function found\nCompiling Vertex program with DIRECTIONAL SHADOWS_OFF LIGHTMAP_OFF DIRLIGHTMAP_OFF DYNAMICLIGHTMAP_OFF
  api=0 type=0 insize=7846 outsize=0 kw=DIRECTIONAL SHADOWS_OFF LIGHTMAP_OFF DIRLIGHTMAP_OFF DYNAMICLIGHTMAP_OFF ok=0
Cmd: compileSnippet
  error: 2 plat 0 at (171): 'unity_WorldTransformParams' : undeclared identifier; 'w' : vector field selection out of range\nCompiling Vertex program with DIRECTIONAL SHADOWS_SCREEN LIGHTMAP_OFF DIRLIGHTMAP_OFF DYNAMICLIGHTMAP_OFF VERTEXLIGHT_ON
  error: 2 plat 0 at (194): 'ShadeSHPerVertex' : no matching overloaded function found\nCompiling Vertex program with DIRECTIONAL SHADOWS_SCREEN LIGHTMAP_OFF DIRLIGHTMAP_OFF DYNAMICLIGHTMAP_OFF VERTEXLIGHT_ON
  api=0 type=0 insize=7846 outsize=0 kw=DIRECTIONAL SHADOWS_SCREEN LIGHTMAP_OFF DIRLIGHTMAP_OFF DYNAMICLIGHTMAP_OFF VERTEXLIGHT_ON ok=0
Cmd: compileSnippet
  error: 2 plat 0 at (150): 'unity_WorldTransformParams' : undeclared identifier; 'w' : vector field selection out of range\nCompiling Vertex program with POINT
  api=0 type=0 insize=5443 outsize=0 kw=POINT ok=0
Cmd: compileSnippet
  error: 2 plat 0 at (150): 'unity_WorldTransformParams' : undeclared identifier; 'w' : vector field selection out of range\nCompiling Vertex program with POINT_COOKIE
  api=0 type=0 insize=5443 outsize=0 kw=POINT_COOKIE ok=0
Cmd: compileSnippet
  error: 2 plat 0 at (145): 'unity_WorldTransformParams' : undeclared identifier; 'w' : vector field selection out of range\nCompiling Vertex program
  api=0 type=0 insize=4697 outsize=0 kw= ok=0
Cmd: compileSnippet
  error: 2 plat 0 at (157): 'unity_WorldTransformParams' : undeclared identifier; 'w' : vector field selection out of range\nCompiling Vertex program with LIGHTMAP_OFF DIRLIGHTMAP_OFF DYNAMICLIGHTMAP_OFF HDR_LIGHT_PREPASS_OFF
  error: 2 plat 0 at (177): 'ShadeSHPerVertex' : no matching overloaded function found\nCompiling Vertex program with LIGHTMAP_OFF DIRLIGHTMAP_OFF DYNAMICLIGHTMAP_OFF HDR_LIGHT_PREPASS_OFF
  api=0 type=0 insize=7464 outsize=0 kw=LIGHTMAP_OFF DIRLIGHTMAP_OFF DYNAMICLIGHTMAP_OFF HDR_LIGHT_PREPASS_OFF ok=0
